<?xml version="1.0" encoding="UTF-8"?>
<!-- Generated by org.testng.reporters.JUnitReportReporter -->
<testsuite hostname="TAH-LAP-JOR101" failures="0" tests="1" name="TestCases.GetTest" time="4.163" errors="0" timestamp="2023-08-20T05:32:46 AST" skipped="0">
  <testcase classname="TestCases.GetTest" name="testGet" time="4.163"/>
  <system-out/>
</testsuite> <!-- TestCases.GetTest -->
