<?xml version="1.0" encoding="UTF-8"?>
<!-- Generated by org.testng.reporters.JUnitReportReporter -->
<testsuite hostname="TAH-LAP-JOR101" failures="0" tests="3" name="TestCases.PostTest" time="2.697" errors="0" timestamp="2023-08-20T05:32:46 AST" skipped="0">
  <testcase classname="TestCases.PostTest" name="TestPost" time="0.364"/>
  <system-out/>
  <testcase classname="TestCases.PostTest" name="TestPost" time="1.184"/>
  <system-out/>
  <testcase classname="TestCases.PostTest" name="TestPost" time="1.149"/>
  <system-out/>
</testsuite> <!-- TestCases.PostTest -->
